<?xml version="1.0" encoding="UTF-8"?>
<!-- Generated by org.testng.reporters.JUnitReportReporter -->
<testsuite skipped="0" hostname="Jay" name="ToolsQA.AppTest" tests="1" failures="0" timestamp="13 Oct 2021 07:43:12 GMT" time="0.002" errors="0">
  <testcase name="testApp" time="0.002" classname="ToolsQA.AppTest"/>
</testsuite> <!-- ToolsQA.AppTest -->
