<?xml version="1.0" encoding="UTF-8"?>
<!-- Generated by org.testng.reporters.JUnitReportReporter -->
<testsuite skipped="0" hostname="Jay" name="ToolsQA.RunTest" tests="1" failures="0" timestamp="10 Feb 2022 10:44:17 GMT" time="12.752" errors="0">
  <testcase name="getdata123" time="12.752" classname="ToolsQA.RunTest"/>
</testsuite> <!-- ToolsQA.RunTest -->
