<?xml version="1.0" encoding="UTF-8"?>
<!-- Generated by org.testng.reporters.JUnitReportReporter -->
<testsuite skipped="0" hostname="Jay" name="ToolsQA.SeleniumTest" tests="1" failures="0" timestamp="31 Jan 2022 17:05:11 GMT" time="0.014" errors="0">
  <testcase name="postjira" time="0.014" classname="ToolsQA.SeleniumTest"/>
</testsuite> <!-- ToolsQA.SeleniumTest -->
