<?xml version="1.0" encoding="UTF-8"?>
<!-- Generated by org.testng.reporters.JUnitReportReporter -->
<testsuite skipped="0" hostname="Jay" name="ToolsQA.RunTest2" tests="1" failures="0" timestamp="10 Feb 2022 14:05:25 GMT" time="67.161" errors="0">
  <testcase name="getdata" time="67.161" classname="ToolsQA.RunTest2"/>
</testsuite> <!-- ToolsQA.RunTest2 -->
