<?xml version="1.0" encoding="UTF-8"?>
<!-- Generated by org.testng.reporters.JUnitReportReporter -->
<testsuite skipped="0" hostname="Jay" name="ToolsQA.ChinaTest" tests="1" failures="0" timestamp="07 Feb 2022 06:18:46 GMT" time="59.411" errors="0">
  <testcase name="getdata123" time="59.411" classname="ToolsQA.ChinaTest"/>
</testsuite> <!-- ToolsQA.ChinaTest -->
